[www.sonarplatform.io/index.html]
[backblue.gif]
[fade.gif]
[index.html]
[uploads-ssl.webflow.com/60b7b28202c020eb1552922d/css/sonar-ecf27b.webflow.5de7d3b3e.css]
[ajax.googleapis.com/ajax/libs/webfont/1.6.26/webfont.js]
[uploads-ssl.webflow.com/60b7b28202c020eb1552922d/60ccd54c70e5db829005fc95_favicon.png]
[uploads-ssl.webflow.com/60b7b28202c020eb1552922d/60d462ca83890d3ce72e3aac_ic_how.png]
[uploads-ssl.webflow.com/60b7b28202c020eb1552922d/60cd1b1064d632e6115103ad_Bitmap@2x.png]
[uploads-ssl.webflow.com/60b7b28202c020eb1552922d/60cd2d8f2c22b3fcc41cf835_poocoin.png]
[www.sonarplatform.io/home-chinese.html]
[uploads-ssl.webflow.com/60b7b28202c020eb1552922d/6102b725473336618bbd831e_logo-rest.png]
[uploads-ssl.webflow.com/60b7b28202c020eb1552922d/6102b727c2fb5a2c24b5e18f_logo-ring.png]
[uploads-ssl.webflow.com/60b7b28202c020eb1552922d/60ccb217e7c3f26c8d7edfee_logotype.png]
[uploads-ssl.webflow.com/60b7b28202c020eb1552922d/60d464c5748ba692df9540f3_image.png]
[uploads-ssl.webflow.com/60b7b28202c020eb1552922d/60e455e563d6016117752805_lgog_cmc.png]
[uploads-ssl.webflow.com/60b7b28202c020eb1552922d/60ccb229359fd89142d2c296_macbook_machine@2x.png]
[uploads-ssl.webflow.com/60b7b28202c020eb1552922d/60ccb219e7c3f2fb027edff2_macbook_shadow@2x.png]
[uploads-ssl.webflow.com/60b7b28202c020eb1552922d/60ccf64408b2975ee51d2d2c_img_token_page.png]
[uploads-ssl.webflow.com/60b7b28202c020eb1552922d/60ccf703d0238c964d37e649_img_token_sidebar.png]
[uploads-ssl.webflow.com/60b7b28202c020eb1552922d/60ccff42e3975715138fdf5d_dashboard@2x.png]
[uploads-ssl.webflow.com/60b7b28202c020eb1552922d/60c8e336193d9499e0f457b4_bar-twitter.png]
[uploads-ssl.webflow.com/60b7b28202c020eb1552922d/60c8e339eb6b2cf21cb6834c_bar-tg.png]
[uploads-ssl.webflow.com/60b7b28202c020eb1552922d/60c8e3384ee6b63cc70a68e5_bar-yt.png]
[uploads-ssl.webflow.com/60b7b28202c020eb1552922d/60c8e3384ee6b670f40a68e4_bar-reddit.png]
[uploads-ssl.webflow.com/60b7b28202c020eb1552922d/60cacfc1251835013d782d07_bar-influ.png]
[uploads-ssl.webflow.com/60b7b28202c020eb1552922d/6109be0d49dff4e9b6179cba_contract-clarity.png]
[uploads-ssl.webflow.com/60b7b28202c020eb1552922d/60caebbef882e5609aa06cab_mobile-1.png]
[uploads-ssl.webflow.com/60b7b28202c020eb1552922d/60caebf55da83b232db0696c_mobile-2.png]
[uploads-ssl.webflow.com/60b7b28202c020eb1552922d/60db641e5dadcf47c1649da5_bt_play.png]
[uploads-ssl.webflow.com/60b7b28202c020eb1552922d/60c8a9e890f5cf45585f6992_ping-token.png]
[uploads-ssl.webflow.com/60b7b28202c020eb1552922d/60c8afd0026e842a162a6efe_tier0.png]
[uploads-ssl.webflow.com/60b7b28202c020eb1552922d/60c8afd01319cc30d691a503_tier1.png]
[uploads-ssl.webflow.com/60b7b28202c020eb1552922d/60c8afd04054f65152c1462c_tier2.png]
[uploads-ssl.webflow.com/60b7b28202c020eb1552922d/60c4d3c13fee00476258eb9c_ticket-whitelist.png]
[uploads-ssl.webflow.com/60b7b28202c020eb1552922d/60c68e4debd7c19a7d0049b1_pic_jacob.png]
[uploads-ssl.webflow.com/60b7b28202c020eb1552922d/60c0f1575168d73f469a553d_pic_mike.png]
[uploads-ssl.webflow.com/60b7b28202c020eb1552922d/60c095031074f7ec70c0fdf7_pic_cris.png]
[uploads-ssl.webflow.com/60b7b28202c020eb1552922d/60bfe0d34e2e663eec0fed69_pic_ryan.png]
[uploads-ssl.webflow.com/60b7b28202c020eb1552922d/60c094322f8fd952802be2eb_pic_jean.png]
[uploads-ssl.webflow.com/60b7b28202c020eb1552922d/60bfe0d39c632d76c7508836_pic_mas.png]
[uploads-ssl.webflow.com/60b7b28202c020eb1552922d/60c1da89f1c39be0b9344659_pic_sul.png]
[uploads-ssl.webflow.com/60b7b28202c020eb1552922d/60c68e4eb2a333b18e237c86_pic_mat.png]
[uploads-ssl.webflow.com/60b7b28202c020eb1552922d/60e358d2d59e8827390df6d2_cryptoke-big.png]
[uploads-ssl.webflow.com/60b7b28202c020eb1552922d/61113fcd0865d654edaba3fc_logo_indacoin.png]
[uploads-ssl.webflow.com/60b7b28202c020eb1552922d/60c00572498caaf80c051dd5_Group 16.png]
[uploads-ssl.webflow.com/60b7b28202c020eb1552922d/60ce584530b8918ce28cba7c_ping-week-title.png]
[uploads-ssl.webflow.com/60b7b28202c020eb1552922d/60ce58420978a224063e7fcf_ping-week-img.png]
[uploads-ssl.webflow.com/60b7b28202c020eb1552922d/60c8a9e90183806aa1b31bbd_shade-cold-l.png]
[uploads-ssl.webflow.com/60b7b28202c020eb1552922d/60c8a9e9f9c5d53c9443c7ea_shade-warm-r.png]
[uploads-ssl.webflow.com/60b7b28202c020eb1552922d/6102b724a8aecb97e8e440d6_logotype-sonar.png]
[d3e54v103j8qbb.cloudfront.net/js/jquery-3.5.1.min.dc5e7f18c8c1a9.js]
[uploads-ssl.webflow.com/60b7b28202c020eb1552922d/js/webflow.f22158fe8.js]
[milankyncl.github.io/jquery-copy-to-clipboard/jquery.copy-to-clipboard.js]
[www.sonarplatform.io/index.html]
[uploads-ssl.webflow.com/60b7b28202c020eb1552922d/60b7b28202c020116b52928d_avatar-2.jpg]
[uploads-ssl.webflow.com/60b7b28202c020eb1552922d/60b7b28202c020374852928c_avatar-3.jpg]
[uploads-ssl.webflow.com/60b7b28202c020eb1552922d/60b7b28202c020028e52928e_man-avatar-4.jpg]
[uploads-ssl.webflow.com/60b7b28202c020eb1552922d/60b7b28202c0200fb352928f_woman-avatar-1.jpg]
[uploads-ssl.webflow.com/60b7b28202c020eb1552922d/60b7b28202c0208c4f529290_man-avatar-3.jpg]
[uploads-ssl.webflow.com/60b7b28202c020eb1552922d/60db5fb3710b007cbb576087_img_sonar-wallet.png]
[uploads-ssl.webflow.com/60b7b28202c020eb1552922d/60b7b28202c020bd945292ad_thick-check-white.png]
[uploads-ssl.webflow.com/60b7b28202c020eb1552922d/60b7b28202c02037945292b0_coming soon bg.jpg]
[uploads-ssl.webflow.com/60b7b28202c020eb1552922d/60db61e37a56c25b21813543_img_sonar-wallet.png]
[uploads-ssl.webflow.com/60b7b28202c020eb1552922d/60e82d83d8f41b33d57a93e0_ic_link@2x.png]
[uploads-ssl.webflow.com/60b7b28202c020eb1552922d/60b7b28202c02028275292dc_intro mobile bg.jpg]
[uploads-ssl.webflow.com/60b7b28202c020eb1552922d/css/sonar-ecf27b.webflow.5de7d3b3e.css]
[www.sonarplatform.io/home-chinese.html]
[uploads-ssl.webflow.com/60b7b28202c020eb1552922d/60c8e3df72ec59fe1ebf048d_img_token_search+connect.png]
[www.sonarplatform.io/additional-utility-pages/sign-in.html]
[www.sonarplatform.io/additional-utility-pages/sign-up.html]
[www.sonarplatform.io/old-home.html]
[www.sonarplatform.io/about.html]
[www.sonarplatform.io/blog-list.html]
[www.sonarplatform.io/contact.html]
[www.sonarplatform.io/template-files/getting-started.html]
[www.sonarplatform.io/template-files/style-guide.html]
[www.sonarplatform.io/template-files/licensing.html]
[www.sonarplatform.io/template-files/changelog.html]
